<?xml version="1.0" encoding="UTF-8"?>
<coverage generated="1547326303812" clover="3.2.0">
  <project timestamp="1547326303813" name="All files">
    <metrics statements="6" coveredstatements="5" conditionals="0" coveredconditionals="0" methods="1" coveredmethods="0" elements="7" coveredelements="5" complexity="0" loc="6" ncloc="6" packages="1" files="1" classes="1">
      <file name="app.tsx" path="/Users/matt.fleming/Documents/Repo/rn-tsr-boilerplate/boilerplate/src/app.tsx">
        <metrics statements="6" coveredstatements="5" conditionals="0" coveredconditionals="0" methods="1" coveredmethods="0"/>
        <line num="1" count="1" type="stmt"/>
        <line num="2" count="1" type="stmt"/>
        <line num="4" count="1" type="stmt"/>
        <line num="14" count="1" type="stmt"/>
        <line num="16" count="0" type="stmt"/>
        <line num="32" count="1" type="stmt"/>
      </file>
    </metrics>
  </project>
</coverage>
